<?xml version="1.0" encoding="UTF-8"?>
<!-- Generated by org.testng.reporters.JUnitReportReporter -->
<testsuite hostname="DESKTOP-29610L1" failures="0" tests="6" name="com.TutorialsNinja.TestCases.Login" time="43.498" errors="0" timestamp="2023-12-16T10:11:39 IST" skipped="0">
  <testcase classname="com.TutorialsNinja.TestCases.Login" name="VerifyLoginWithValidCredentials" time="7.376"/>
  <testcase classname="com.TutorialsNinja.TestCases.Login" name="VerifyLoginWithValidCredentials" time="6.755"/>
  <testcase classname="com.TutorialsNinja.TestCases.Login" name="VerifyLoginWithValidCredentials" time="6.307"/>
  <testcase classname="com.TutorialsNinja.TestCases.Login" name="VerifyLoginWithInValidCredentials" time="9.657"/>
  <testcase classname="com.TutorialsNinja.TestCases.Login" name="VerifyLoginWithInValidEmailandValidPassword" time="5.924"/>
  <testcase classname="com.TutorialsNinja.TestCases.Login" name="VerifyLoginWithValidEmailandInvalidPassword" time="7.479"/>
</testsuite> <!-- com.TutorialsNinja.TestCases.Login -->
