<?xml version="1.0" encoding="UTF-8"?>
<!-- Generated by org.testng.reporters.JUnitReportReporter -->
<testsuite hostname="DESKTOP-29610L1" failures="0" tests="3" name="com.TutorialsNinja.TestCases.Search" time="16.255" errors="0" timestamp="2023-12-16T10:11:39 IST" skipped="0">
  <testcase classname="com.TutorialsNinja.TestCases.Search" name="VerifySearchWithValidProduct" time="4.629"/>
  <testcase classname="com.TutorialsNinja.TestCases.Search" name="VerifySearchWithInValidProduct" time="7.891"/>
  <testcase classname="com.TutorialsNinja.TestCases.Search" name="VerifySearchWithOutAnyProduct" time="3.735"/>
</testsuite> <!-- com.TutorialsNinja.TestCases.Search -->
