<?xml version="1.0" encoding="UTF-8"?>
<!-- Generated by org.testng.reporters.JUnitReportReporter -->
<testsuite hostname="DESKTOP-29610L1" failures="0" tests="4" name="com.TutorialsNinja.TestCases.Register" time="73.984" errors="0" timestamp="2023-12-16T10:11:39 IST" skipped="0">
  <testcase classname="com.TutorialsNinja.TestCases.Register" name="VerifyRegisterAccountProvidingOnlyMandatoryFields" time="8.554"/>
  <testcase classname="com.TutorialsNinja.TestCases.Register" name="VerifyRegisteringAccountByProvidingAllFileds" time="28.453"/>
  <testcase classname="com.TutorialsNinja.TestCases.Register" name="VerifyRegistringAccountByProvidingExistingEmailId" time="8.299"/>
  <testcase classname="com.TutorialsNinja.TestCases.Register" name="VerifyRegisteringAccountWithOutFillingAnyDetails" time="28.678"/>
</testsuite> <!-- com.TutorialsNinja.TestCases.Register -->
